{"/Users/Sandesh/VFNZAlbumPOC/src/__mock__/axios.js": {"path":"/Users/Sandesh/VFNZAlbumPOC/src/__mock__/axios.js","statementMap":{"0":{"start":{"line":2,"column":0},"end":{"line":15,"column":2}},"1":{"start":{"line":4,"column":4},"end":{"line":13,"column":7}}},"fnMap":{"0":{"name":"(anonymous_0)","decl":{"start":{"line":3,"column":7},"end":{"line":3,"column":8}},"loc":{"start":{"line":3,"column":13},"end":{"line":14,"column":3}},"line":3}},"branchMap":{},"s":{"0":0,"1":0},"f":{"0":0},"b":{}}
,"/Users/Sandesh/VFNZAlbumPOC/src/__mock__/fetch.js": {"path":"/Users/Sandesh/VFNZAlbumPOC/src/__mock__/fetch.js","statementMap":{"0":{"start":{"line":2,"column":2},"end":{"line":12,"column":4}},"1":{"start":{"line":4,"column":6},"end":{"line":11,"column":8}}},"fnMap":{"0":{"name":"(anonymous_0)","decl":{"start":{"line":1,"column":15},"end":{"line":1,"column":16}},"loc":{"start":{"line":1,"column":26},"end":{"line":13,"column":1}},"line":1},"1":{"name":"(anonymous_1)","decl":{"start":{"line":3,"column":10},"end":{"line":3,"column":11}},"loc":{"start":{"line":4,"column":6},"end":{"line":11,"column":8}},"line":4}},"branchMap":{},"s":{"0":0,"1":0},"f":{"0":0,"1":0},"b":{},"_coverageSchema":"1a1c01bbd47fc00a2c39e90264f33305004495a9","hash":"6ce5af1920e90857623bc35b369cf3a2d517b14b"}
,"/Users/Sandesh/VFNZAlbumPOC/src/common/constants.js": {"path":"/Users/Sandesh/VFNZAlbumPOC/src/common/constants.js","statementMap":{"0":{"start":{"line":1,"column":19},"end":{"line":1,"column":58}},"1":{"start":{"line":2,"column":23},"end":{"line":2,"column":28}}},"fnMap":{},"branchMap":{},"s":{"0":1,"1":1},"f":{},"b":{},"_coverageSchema":"1a1c01bbd47fc00a2c39e90264f33305004495a9","hash":"5df3e653e52644c25d7e83a712f81a3e92dc4dbb"}
,"/Users/Sandesh/VFNZAlbumPOC/src/common/ErrorAlertComponent/errorAlert.js": {"path":"/Users/Sandesh/VFNZAlbumPOC/src/common/ErrorAlertComponent/errorAlert.js","statementMap":{"0":{"start":{"line":11,"column":6},"end":{"line":22,"column":8}}},"fnMap":{"0":{"name":"(anonymous_0)","decl":{"start":{"line":9,"column":4},"end":{"line":9,"column":5}},"loc":{"start":{"line":9,"column":13},"end":{"line":23,"column":5}},"line":9}},"branchMap":{},"s":{"0":2},"f":{"0":2},"b":{},"_coverageSchema":"1a1c01bbd47fc00a2c39e90264f33305004495a9","hash":"502427a351c4afe4eff6e2cb5557d8e55c3477d7"}
,"/Users/Sandesh/VFNZAlbumPOC/src/common/ErrorAlertComponent/style.js": {"path":"/Users/Sandesh/VFNZAlbumPOC/src/common/ErrorAlertComponent/style.js","statementMap":{},"fnMap":{},"branchMap":{},"s":{},"f":{},"b":{},"_coverageSchema":"1a1c01bbd47fc00a2c39e90264f33305004495a9","hash":"a3afb1296908ec748a4f9de4553f51af1b6aaebe"}
,"/Users/Sandesh/VFNZAlbumPOC/src/component/API.js": {"path":"/Users/Sandesh/VFNZAlbumPOC/src/component/API.js","statementMap":{},"fnMap":{},"branchMap":{},"s":{},"f":{},"b":{}}
,"/Users/Sandesh/VFNZAlbumPOC/src/component/AlbumDetailsComponent/albumDetailsView.js": {"path":"/Users/Sandesh/VFNZAlbumPOC/src/component/AlbumDetailsComponent/albumDetailsView.js","statementMap":{"0":{"start":{"line":8,"column":31},"end":{"line":10,"column":5}},"1":{"start":{"line":14,"column":29},"end":{"line":14,"column":39}},"2":{"start":{"line":15,"column":25},"end":{"line":15,"column":74}},"3":{"start":{"line":16,"column":23},"end":{"line":16,"column":76}},"4":{"start":{"line":17,"column":27},"end":{"line":17,"column":94}},"5":{"start":{"line":17,"column":33},"end":{"line":17,"column":94}},"6":{"start":{"line":20,"column":6},"end":{"line":36,"column":8}},"7":{"start":{"line":28,"column":39},"end":{"line":28,"column":102}}},"fnMap":{"0":{"name":"(anonymous_0)","decl":{"start":{"line":12,"column":4},"end":{"line":12,"column":5}},"loc":{"start":{"line":12,"column":13},"end":{"line":37,"column":5}},"line":12},"1":{"name":"(anonymous_1)","decl":{"start":{"line":17,"column":27},"end":{"line":17,"column":28}},"loc":{"start":{"line":17,"column":33},"end":{"line":17,"column":94}},"line":17},"2":{"name":"(anonymous_2)","decl":{"start":{"line":28,"column":33},"end":{"line":28,"column":34}},"loc":{"start":{"line":28,"column":39},"end":{"line":28,"column":102}},"line":28}},"branchMap":{},"s":{"0":1,"1":3,"2":3,"3":3,"4":3,"5":0,"6":3,"7":0},"f":{"0":3,"1":0,"2":0},"b":{},"_coverageSchema":"1a1c01bbd47fc00a2c39e90264f33305004495a9","hash":"e144b8615d67b5f16bf632ff412e3e32a682c3c3"}
,"/Users/Sandesh/VFNZAlbumPOC/src/component/AlbumDetailsComponent/style.js": {"path":"/Users/Sandesh/VFNZAlbumPOC/src/component/AlbumDetailsComponent/style.js","statementMap":{},"fnMap":{},"branchMap":{},"s":{},"f":{},"b":{},"_coverageSchema":"1a1c01bbd47fc00a2c39e90264f33305004495a9","hash":"920d75dd967a0c2b6cc392f309d47e4905cc2f5f"}
,"/Users/Sandesh/VFNZAlbumPOC/src/component/HomeComponent/home.js": {"path":"/Users/Sandesh/VFNZAlbumPOC/src/component/HomeComponent/home.js","statementMap":{"0":{"start":{"line":16,"column":31},"end":{"line":18,"column":6}},"1":{"start":{"line":16,"column":38},"end":{"line":18,"column":5}},"2":{"start":{"line":21,"column":6},"end":{"line":21,"column":19}},"3":{"start":{"line":23,"column":6},"end":{"line":28,"column":8}},"4":{"start":{"line":32,"column":6},"end":{"line":32,"column":29}},"5":{"start":{"line":33,"column":6},"end":{"line":33,"column":19}},"6":{"start":{"line":34,"column":6},"end":{"line":44,"column":11}},"7":{"start":{"line":37,"column":12},"end":{"line":40,"column":15}},"8":{"start":{"line":43,"column":10},"end":{"line":43,"column":66}},"9":{"start":{"line":48,"column":6},"end":{"line":48,"column":23}},"10":{"start":{"line":52,"column":28},"end":{"line":54,"column":5}},"11":{"start":{"line":53,"column":8},"end":{"line":53,"column":53}},"12":{"start":{"line":57,"column":6},"end":{"line":63,"column":7}},"13":{"start":{"line":58,"column":8},"end":{"line":62,"column":10}},"14":{"start":{"line":65,"column":6},"end":{"line":69,"column":7}},"15":{"start":{"line":66,"column":8},"end":{"line":68,"column":10}},"16":{"start":{"line":71,"column":6},"end":{"line":96,"column":8}},"17":{"start":{"line":80,"column":40},"end":{"line":91,"column":21}},"18":{"start":{"line":82,"column":51},"end":{"line":84,"column":20}},"19":{"start":{"line":93,"column":48},"end":{"line":93,"column":64}}},"fnMap":{"0":{"name":"(anonymous_0)","decl":{"start":{"line":16,"column":31},"end":{"line":16,"column":32}},"loc":{"start":{"line":16,"column":38},"end":{"line":18,"column":5}},"line":16},"1":{"name":"(anonymous_1)","decl":{"start":{"line":20,"column":4},"end":{"line":20,"column":5}},"loc":{"start":{"line":20,"column":23},"end":{"line":29,"column":5}},"line":20},"2":{"name":"(anonymous_2)","decl":{"start":{"line":31,"column":4},"end":{"line":31,"column":5}},"loc":{"start":{"line":31,"column":16},"end":{"line":45,"column":5}},"line":31},"3":{"name":"(anonymous_3)","decl":{"start":{"line":36,"column":14},"end":{"line":36,"column":15}},"loc":{"start":{"line":36,"column":28},"end":{"line":41,"column":9}},"line":36},"4":{"name":"(anonymous_4)","decl":{"start":{"line":42,"column":15},"end":{"line":42,"column":16}},"loc":{"start":{"line":42,"column":22},"end":{"line":44,"column":9}},"line":42},"5":{"name":"(anonymous_5)","decl":{"start":{"line":47,"column":4},"end":{"line":47,"column":5}},"loc":{"start":{"line":47,"column":30},"end":{"line":50,"column":5}},"line":47},"6":{"name":"(anonymous_6)","decl":{"start":{"line":52,"column":28},"end":{"line":52,"column":29}},"loc":{"start":{"line":53,"column":8},"end":{"line":53,"column":53}},"line":53},"7":{"name":"(anonymous_7)","decl":{"start":{"line":56,"column":4},"end":{"line":56,"column":5}},"loc":{"start":{"line":56,"column":13},"end":{"line":97,"column":5}},"line":56},"8":{"name":"(anonymous_8)","decl":{"start":{"line":80,"column":26},"end":{"line":80,"column":27}},"loc":{"start":{"line":80,"column":40},"end":{"line":91,"column":21}},"line":80},"9":{"name":"(anonymous_9)","decl":{"start":{"line":82,"column":45},"end":{"line":82,"column":46}},"loc":{"start":{"line":82,"column":51},"end":{"line":84,"column":20}},"line":82},"10":{"name":"(anonymous_10)","decl":{"start":{"line":93,"column":31},"end":{"line":93,"column":32}},"loc":{"start":{"line":93,"column":48},"end":{"line":93,"column":64}},"line":93}},"branchMap":{"0":{"loc":{"start":{"line":57,"column":6},"end":{"line":63,"column":7}},"type":"if","locations":[{"start":{"line":57,"column":6},"end":{"line":63,"column":7}},{"start":{"line":57,"column":6},"end":{"line":63,"column":7}}],"line":57},"1":{"loc":{"start":{"line":65,"column":6},"end":{"line":69,"column":7}},"type":"if","locations":[{"start":{"line":65,"column":6},"end":{"line":69,"column":7}},{"start":{"line":65,"column":6},"end":{"line":69,"column":7}}],"line":65}},"s":{"0":0,"1":0,"2":0,"3":0,"4":0,"5":0,"6":0,"7":0,"8":0,"9":0,"10":0,"11":0,"12":0,"13":0,"14":0,"15":0,"16":0,"17":0,"18":0,"19":0},"f":{"0":0,"1":0,"2":0,"3":0,"4":0,"5":0,"6":0,"7":0,"8":0,"9":0,"10":0},"b":{"0":[0,0],"1":[0,0]}}
,"/Users/Sandesh/VFNZAlbumPOC/src/component/HomeComponent/style.js": {"path":"/Users/Sandesh/VFNZAlbumPOC/src/component/HomeComponent/style.js","statementMap":{},"fnMap":{},"branchMap":{},"s":{},"f":{},"b":{}}
,"/Users/Sandesh/VFNZAlbumPOC/src/component/ThumbnailComponent/style.js": {"path":"/Users/Sandesh/VFNZAlbumPOC/src/component/ThumbnailComponent/style.js","statementMap":{},"fnMap":{},"branchMap":{},"s":{},"f":{},"b":{},"_coverageSchema":"1a1c01bbd47fc00a2c39e90264f33305004495a9","hash":"9c09188a48f2b181634aca17e6139f02d68ea691"}
,"/Users/Sandesh/VFNZAlbumPOC/src/component/ThumbnailComponent/thumbnailView.js": {"path":"/Users/Sandesh/VFNZAlbumPOC/src/component/ThumbnailComponent/thumbnailView.js","statementMap":{"0":{"start":{"line":14,"column":29},"end":{"line":16,"column":4}},"1":{"start":{"line":14,"column":36},"end":{"line":16,"column":3}},"2":{"start":{"line":19,"column":4},"end":{"line":19,"column":17}},"3":{"start":{"line":21,"column":4},"end":{"line":24,"column":6}},"4":{"start":{"line":28,"column":27},"end":{"line":28,"column":37}},"5":{"start":{"line":29,"column":20},"end":{"line":29,"column":61}},"6":{"start":{"line":30,"column":4},"end":{"line":42,"column":9}},"7":{"start":{"line":35,"column":10},"end":{"line":38,"column":13}},"8":{"start":{"line":41,"column":8},"end":{"line":41,"column":64}},"9":{"start":{"line":46,"column":4},"end":{"line":46,"column":21}},"10":{"start":{"line":51,"column":4},"end":{"line":57,"column":5}},"11":{"start":{"line":52,"column":6},"end":{"line":56,"column":8}},"12":{"start":{"line":59,"column":4},"end":{"line":63,"column":5}},"13":{"start":{"line":60,"column":6},"end":{"line":62,"column":8}},"14":{"start":{"line":65,"column":4},"end":{"line":89,"column":6}},"15":{"start":{"line":73,"column":42},"end":{"line":81,"column":23}},"16":{"start":{"line":74,"column":53},"end":{"line":76,"column":18}},"17":{"start":{"line":83,"column":50},"end":{"line":83,"column":66}}},"fnMap":{"0":{"name":"(anonymous_0)","decl":{"start":{"line":14,"column":29},"end":{"line":14,"column":30}},"loc":{"start":{"line":14,"column":36},"end":{"line":16,"column":3}},"line":14},"1":{"name":"(anonymous_1)","decl":{"start":{"line":18,"column":2},"end":{"line":18,"column":3}},"loc":{"start":{"line":18,"column":21},"end":{"line":25,"column":3}},"line":18},"2":{"name":"(anonymous_2)","decl":{"start":{"line":27,"column":2},"end":{"line":27,"column":3}},"loc":{"start":{"line":27,"column":14},"end":{"line":43,"column":3}},"line":27},"3":{"name":"(anonymous_3)","decl":{"start":{"line":34,"column":12},"end":{"line":34,"column":13}},"loc":{"start":{"line":34,"column":26},"end":{"line":39,"column":7}},"line":34},"4":{"name":"(anonymous_4)","decl":{"start":{"line":40,"column":13},"end":{"line":40,"column":14}},"loc":{"start":{"line":40,"column":20},"end":{"line":42,"column":7}},"line":40},"5":{"name":"(anonymous_5)","decl":{"start":{"line":45,"column":2},"end":{"line":45,"column":3}},"loc":{"start":{"line":45,"column":22},"end":{"line":47,"column":3}},"line":45},"6":{"name":"(anonymous_6)","decl":{"start":{"line":49,"column":2},"end":{"line":49,"column":3}},"loc":{"start":{"line":49,"column":11},"end":{"line":90,"column":3}},"line":49},"7":{"name":"(anonymous_7)","decl":{"start":{"line":73,"column":28},"end":{"line":73,"column":29}},"loc":{"start":{"line":73,"column":42},"end":{"line":81,"column":23}},"line":73},"8":{"name":"(anonymous_8)","decl":{"start":{"line":74,"column":47},"end":{"line":74,"column":48}},"loc":{"start":{"line":74,"column":53},"end":{"line":76,"column":18}},"line":74},"9":{"name":"(anonymous_9)","decl":{"start":{"line":83,"column":33},"end":{"line":83,"column":34}},"loc":{"start":{"line":83,"column":50},"end":{"line":83,"column":66}},"line":83}},"branchMap":{"0":{"loc":{"start":{"line":51,"column":4},"end":{"line":57,"column":5}},"type":"if","locations":[{"start":{"line":51,"column":4},"end":{"line":57,"column":5}},{"start":{"line":51,"column":4},"end":{"line":57,"column":5}}],"line":51},"1":{"loc":{"start":{"line":59,"column":4},"end":{"line":63,"column":5}},"type":"if","locations":[{"start":{"line":59,"column":4},"end":{"line":63,"column":5}},{"start":{"line":59,"column":4},"end":{"line":63,"column":5}}],"line":59}},"s":{"0":1,"1":0,"2":2,"3":2,"4":2,"5":2,"6":2,"7":0,"8":0,"9":2,"10":2,"11":2,"12":0,"13":0,"14":0,"15":0,"16":0,"17":0},"f":{"0":0,"1":2,"2":2,"3":0,"4":0,"5":2,"6":2,"7":0,"8":0,"9":0},"b":{"0":[2,0],"1":[0,0]},"_coverageSchema":"1a1c01bbd47fc00a2c39e90264f33305004495a9","hash":"886965db0e6656afb5c1ea7c3690d95f517829d9"}
}
