{"/Users/Sandesh/VFNZAlbumPOC/src/common/Constants.js": {"path":"/Users/Sandesh/VFNZAlbumPOC/src/common/Constants.js","statementMap":{"0":{"start":{"line":1,"column":19},"end":{"line":1,"column":58}},"1":{"start":{"line":2,"column":23},"end":{"line":2,"column":28}}},"fnMap":{},"branchMap":{},"s":{"0":0,"1":0},"f":{},"b":{}}
,"/Users/Sandesh/VFNZAlbumPOC/src/common/ErrorAlert.js": {"path":"/Users/Sandesh/VFNZAlbumPOC/src/common/ErrorAlert.js","statementMap":{"0":{"start":{"line":11,"column":6},"end":{"line":22,"column":8}}},"fnMap":{"0":{"name":"(anonymous_0)","decl":{"start":{"line":9,"column":4},"end":{"line":9,"column":5}},"loc":{"start":{"line":9,"column":13},"end":{"line":23,"column":5}},"line":9}},"branchMap":{},"s":{"0":2},"f":{"0":2},"b":{},"_coverageSchema":"1a1c01bbd47fc00a2c39e90264f33305004495a9","hash":"781738196d324361c403fbb15c84a11e418bf5f3"}
,"/Users/Sandesh/VFNZAlbumPOC/src/component/AlbumDetailsView.js": {"path":"/Users/Sandesh/VFNZAlbumPOC/src/component/AlbumDetailsView.js","statementMap":{"0":{"start":{"line":8,"column":31},"end":{"line":10,"column":5}},"1":{"start":{"line":14,"column":29},"end":{"line":14,"column":39}},"2":{"start":{"line":15,"column":25},"end":{"line":15,"column":74}},"3":{"start":{"line":16,"column":23},"end":{"line":16,"column":76}},"4":{"start":{"line":17,"column":27},"end":{"line":17,"column":94}},"5":{"start":{"line":17,"column":33},"end":{"line":17,"column":94}},"6":{"start":{"line":20,"column":6},"end":{"line":36,"column":8}},"7":{"start":{"line":28,"column":39},"end":{"line":28,"column":102}}},"fnMap":{"0":{"name":"(anonymous_0)","decl":{"start":{"line":12,"column":4},"end":{"line":12,"column":5}},"loc":{"start":{"line":12,"column":13},"end":{"line":37,"column":5}},"line":12},"1":{"name":"(anonymous_1)","decl":{"start":{"line":17,"column":27},"end":{"line":17,"column":28}},"loc":{"start":{"line":17,"column":33},"end":{"line":17,"column":94}},"line":17},"2":{"name":"(anonymous_2)","decl":{"start":{"line":28,"column":33},"end":{"line":28,"column":34}},"loc":{"start":{"line":28,"column":39},"end":{"line":28,"column":102}},"line":28}},"branchMap":{},"s":{"0":1,"1":3,"2":3,"3":3,"4":3,"5":0,"6":3,"7":0},"f":{"0":3,"1":0,"2":0},"b":{},"_coverageSchema":"1a1c01bbd47fc00a2c39e90264f33305004495a9","hash":"ec0736e4431da65a464a474213176c926378c88a"}
,"/Users/Sandesh/VFNZAlbumPOC/src/component/Home.js": {"path":"/Users/Sandesh/VFNZAlbumPOC/src/component/Home.js","statementMap":{"0":{"start":{"line":16,"column":31},"end":{"line":18,"column":6}},"1":{"start":{"line":16,"column":38},"end":{"line":18,"column":5}},"2":{"start":{"line":21,"column":6},"end":{"line":21,"column":19}},"3":{"start":{"line":23,"column":6},"end":{"line":26,"column":8}},"4":{"start":{"line":30,"column":6},"end":{"line":30,"column":29}},"5":{"start":{"line":31,"column":6},"end":{"line":31,"column":19}},"6":{"start":{"line":32,"column":6},"end":{"line":42,"column":11}},"7":{"start":{"line":35,"column":12},"end":{"line":38,"column":15}},"8":{"start":{"line":41,"column":10},"end":{"line":41,"column":66}},"9":{"start":{"line":46,"column":6},"end":{"line":46,"column":23}},"10":{"start":{"line":49,"column":28},"end":{"line":51,"column":5}},"11":{"start":{"line":50,"column":8},"end":{"line":50,"column":53}},"12":{"start":{"line":54,"column":6},"end":{"line":60,"column":7}},"13":{"start":{"line":55,"column":8},"end":{"line":59,"column":10}},"14":{"start":{"line":62,"column":6},"end":{"line":66,"column":7}},"15":{"start":{"line":63,"column":8},"end":{"line":65,"column":10}},"16":{"start":{"line":68,"column":6},"end":{"line":91,"column":8}},"17":{"start":{"line":75,"column":40},"end":{"line":86,"column":21}},"18":{"start":{"line":77,"column":51},"end":{"line":79,"column":20}},"19":{"start":{"line":88,"column":48},"end":{"line":88,"column":64}}},"fnMap":{"0":{"name":"(anonymous_0)","decl":{"start":{"line":16,"column":31},"end":{"line":16,"column":32}},"loc":{"start":{"line":16,"column":38},"end":{"line":18,"column":5}},"line":16},"1":{"name":"(anonymous_1)","decl":{"start":{"line":20,"column":4},"end":{"line":20,"column":5}},"loc":{"start":{"line":20,"column":23},"end":{"line":27,"column":5}},"line":20},"2":{"name":"(anonymous_2)","decl":{"start":{"line":29,"column":4},"end":{"line":29,"column":5}},"loc":{"start":{"line":29,"column":16},"end":{"line":43,"column":5}},"line":29},"3":{"name":"(anonymous_3)","decl":{"start":{"line":34,"column":14},"end":{"line":34,"column":15}},"loc":{"start":{"line":34,"column":28},"end":{"line":39,"column":9}},"line":34},"4":{"name":"(anonymous_4)","decl":{"start":{"line":40,"column":15},"end":{"line":40,"column":16}},"loc":{"start":{"line":40,"column":22},"end":{"line":42,"column":9}},"line":40},"5":{"name":"(anonymous_5)","decl":{"start":{"line":45,"column":4},"end":{"line":45,"column":5}},"loc":{"start":{"line":45,"column":24},"end":{"line":47,"column":5}},"line":45},"6":{"name":"(anonymous_6)","decl":{"start":{"line":49,"column":28},"end":{"line":49,"column":29}},"loc":{"start":{"line":50,"column":8},"end":{"line":50,"column":53}},"line":50},"7":{"name":"(anonymous_7)","decl":{"start":{"line":53,"column":4},"end":{"line":53,"column":5}},"loc":{"start":{"line":53,"column":13},"end":{"line":92,"column":5}},"line":53},"8":{"name":"(anonymous_8)","decl":{"start":{"line":75,"column":26},"end":{"line":75,"column":27}},"loc":{"start":{"line":75,"column":40},"end":{"line":86,"column":21}},"line":75},"9":{"name":"(anonymous_9)","decl":{"start":{"line":77,"column":45},"end":{"line":77,"column":46}},"loc":{"start":{"line":77,"column":51},"end":{"line":79,"column":20}},"line":77},"10":{"name":"(anonymous_10)","decl":{"start":{"line":88,"column":31},"end":{"line":88,"column":32}},"loc":{"start":{"line":88,"column":48},"end":{"line":88,"column":64}},"line":88}},"branchMap":{"0":{"loc":{"start":{"line":54,"column":6},"end":{"line":60,"column":7}},"type":"if","locations":[{"start":{"line":54,"column":6},"end":{"line":60,"column":7}},{"start":{"line":54,"column":6},"end":{"line":60,"column":7}}],"line":54},"1":{"loc":{"start":{"line":62,"column":6},"end":{"line":66,"column":7}},"type":"if","locations":[{"start":{"line":62,"column":6},"end":{"line":66,"column":7}},{"start":{"line":62,"column":6},"end":{"line":66,"column":7}}],"line":62}},"s":{"0":0,"1":0,"2":0,"3":0,"4":0,"5":0,"6":0,"7":0,"8":0,"9":0,"10":0,"11":0,"12":0,"13":0,"14":0,"15":0,"16":0,"17":0,"18":0,"19":0},"f":{"0":0,"1":0,"2":0,"3":0,"4":0,"5":0,"6":0,"7":0,"8":0,"9":0,"10":0},"b":{"0":[0,0],"1":[0,0]}}
,"/Users/Sandesh/VFNZAlbumPOC/src/component/ThumbnailView.js": {"path":"/Users/Sandesh/VFNZAlbumPOC/src/component/ThumbnailView.js","statementMap":{"0":{"start":{"line":14,"column":29},"end":{"line":16,"column":4}},"1":{"start":{"line":14,"column":36},"end":{"line":16,"column":3}},"2":{"start":{"line":19,"column":4},"end":{"line":19,"column":17}},"3":{"start":{"line":21,"column":4},"end":{"line":24,"column":6}},"4":{"start":{"line":28,"column":27},"end":{"line":28,"column":37}},"5":{"start":{"line":29,"column":20},"end":{"line":29,"column":61}},"6":{"start":{"line":30,"column":4},"end":{"line":42,"column":9}},"7":{"start":{"line":35,"column":10},"end":{"line":38,"column":13}},"8":{"start":{"line":41,"column":8},"end":{"line":41,"column":64}},"9":{"start":{"line":46,"column":4},"end":{"line":46,"column":21}},"10":{"start":{"line":51,"column":4},"end":{"line":57,"column":5}},"11":{"start":{"line":52,"column":6},"end":{"line":56,"column":8}},"12":{"start":{"line":59,"column":4},"end":{"line":63,"column":5}},"13":{"start":{"line":60,"column":6},"end":{"line":62,"column":8}},"14":{"start":{"line":65,"column":4},"end":{"line":88,"column":6}},"15":{"start":{"line":72,"column":42},"end":{"line":80,"column":23}},"16":{"start":{"line":73,"column":53},"end":{"line":75,"column":18}},"17":{"start":{"line":82,"column":50},"end":{"line":82,"column":66}}},"fnMap":{"0":{"name":"(anonymous_0)","decl":{"start":{"line":14,"column":29},"end":{"line":14,"column":30}},"loc":{"start":{"line":14,"column":36},"end":{"line":16,"column":3}},"line":14},"1":{"name":"(anonymous_1)","decl":{"start":{"line":18,"column":2},"end":{"line":18,"column":3}},"loc":{"start":{"line":18,"column":21},"end":{"line":25,"column":3}},"line":18},"2":{"name":"(anonymous_2)","decl":{"start":{"line":27,"column":2},"end":{"line":27,"column":3}},"loc":{"start":{"line":27,"column":14},"end":{"line":43,"column":3}},"line":27},"3":{"name":"(anonymous_3)","decl":{"start":{"line":34,"column":12},"end":{"line":34,"column":13}},"loc":{"start":{"line":34,"column":26},"end":{"line":39,"column":7}},"line":34},"4":{"name":"(anonymous_4)","decl":{"start":{"line":40,"column":13},"end":{"line":40,"column":14}},"loc":{"start":{"line":40,"column":20},"end":{"line":42,"column":7}},"line":40},"5":{"name":"(anonymous_5)","decl":{"start":{"line":45,"column":2},"end":{"line":45,"column":3}},"loc":{"start":{"line":45,"column":22},"end":{"line":47,"column":3}},"line":45},"6":{"name":"(anonymous_6)","decl":{"start":{"line":49,"column":2},"end":{"line":49,"column":3}},"loc":{"start":{"line":49,"column":11},"end":{"line":89,"column":3}},"line":49},"7":{"name":"(anonymous_7)","decl":{"start":{"line":72,"column":28},"end":{"line":72,"column":29}},"loc":{"start":{"line":72,"column":42},"end":{"line":80,"column":23}},"line":72},"8":{"name":"(anonymous_8)","decl":{"start":{"line":73,"column":47},"end":{"line":73,"column":48}},"loc":{"start":{"line":73,"column":53},"end":{"line":75,"column":18}},"line":73},"9":{"name":"(anonymous_9)","decl":{"start":{"line":82,"column":33},"end":{"line":82,"column":34}},"loc":{"start":{"line":82,"column":50},"end":{"line":82,"column":66}},"line":82}},"branchMap":{"0":{"loc":{"start":{"line":51,"column":4},"end":{"line":57,"column":5}},"type":"if","locations":[{"start":{"line":51,"column":4},"end":{"line":57,"column":5}},{"start":{"line":51,"column":4},"end":{"line":57,"column":5}}],"line":51},"1":{"loc":{"start":{"line":59,"column":4},"end":{"line":63,"column":5}},"type":"if","locations":[{"start":{"line":59,"column":4},"end":{"line":63,"column":5}},{"start":{"line":59,"column":4},"end":{"line":63,"column":5}}],"line":59}},"s":{"0":0,"1":0,"2":0,"3":0,"4":0,"5":0,"6":0,"7":0,"8":0,"9":0,"10":0,"11":0,"12":0,"13":0,"14":0,"15":0,"16":0,"17":0},"f":{"0":0,"1":0,"2":0,"3":0,"4":0,"5":0,"6":0,"7":0,"8":0,"9":0},"b":{"0":[0,0],"1":[0,0]}}
,"/Users/Sandesh/VFNZAlbumPOC/src/style/AlbumDetailView.component.style.js": {"path":"/Users/Sandesh/VFNZAlbumPOC/src/style/AlbumDetailView.component.style.js","statementMap":{},"fnMap":{},"branchMap":{},"s":{},"f":{},"b":{},"_coverageSchema":"1a1c01bbd47fc00a2c39e90264f33305004495a9","hash":"243d3b1dabd0a3c9fdf2ca1125af8e28a779fea5"}
,"/Users/Sandesh/VFNZAlbumPOC/src/style/ErrorAlert.component.style.js": {"path":"/Users/Sandesh/VFNZAlbumPOC/src/style/ErrorAlert.component.style.js","statementMap":{},"fnMap":{},"branchMap":{},"s":{},"f":{},"b":{},"_coverageSchema":"1a1c01bbd47fc00a2c39e90264f33305004495a9","hash":"daa8a24d08dccdfa454022242fad12d14c48848c"}
,"/Users/Sandesh/VFNZAlbumPOC/src/style/Home.component.style.js": {"path":"/Users/Sandesh/VFNZAlbumPOC/src/style/Home.component.style.js","statementMap":{},"fnMap":{},"branchMap":{},"s":{},"f":{},"b":{}}
,"/Users/Sandesh/VFNZAlbumPOC/src/style/ThumbnailView.component.style.js": {"path":"/Users/Sandesh/VFNZAlbumPOC/src/style/ThumbnailView.component.style.js","statementMap":{},"fnMap":{},"branchMap":{},"s":{},"f":{},"b":{}}
}
